<?xml version="1.0" encoding="UTF-8"?>
<!-- Generated by org.testng.reporters.JUnitXMLReporter -->
<testsuite ignored="0" hostname="DESKTOP-5VPG43M" failures="0" tests="3" name="Default test" time="3.778" errors="0" timestamp="14 Jul 2020 05:17:00 GMT">
  <testcase classname="testcases.TestCase1" name="doLogin" time="0.026"/>
  <testcase classname="testcases.TestCase1" name="doUserReg" time="0.004"/>
  <testcase classname="testcases.TestCase1" name="isSkip" time="0.01">
    <skipped/>
  </testcase> <!-- isSkip -->
</testsuite> <!-- Default test -->
