<?xml version="1.0" encoding="UTF-8"?>
<!-- Generated by org.testng.reporters.JUnitXMLReporter -->
<testsuite ignored="0" hostname="DESKTOP-5VPG43M" failures="0" tests="3" name="Default test" time="2.95" errors="0" timestamp="13 Jul 2020 09:37:48 GMT">
  <testcase classname="testcases.TestCase1" name="doLogin" time="0.032"/>
  <testcase classname="testcases.TestCase1" name="doUserReg" time="0.003"/>
  <testcase classname="testcases.TestCase1" name="isSkip" time="0.002"/>
</testsuite> <!-- Default test -->
