<?xml version="1.0" encoding="UTF-8"?>
<!-- Generated by org.testng.reporters.JUnitXMLReporter -->
<testsuite ignored="0" hostname="DESKTOP-5VPG43M" failures="1" tests="3" name="Test" time="0.116" errors="0" timestamp="14 Jul 2020 17:22:36 GMT">
  <testcase classname="testcases.TestCase2" name="doLogin" time="0.034"/>
  <testcase classname="testcases.TestCase2" name="doUserReg" time="0.003">
    <failure type="java.lang.AssertionError" message="User Registration Test Failed">
      <![CDATA[java.lang.AssertionError: User Registration Test Failed
at testcases.TestCase2.doUserReg(TestCase2.java:16)
... Removed 26 stack frames]]>
    </failure>
  </testcase> <!-- doUserReg -->
  <testcase classname="testcases.TestCase2" name="isSkip" time="0.003">
    <skipped/>
  </testcase> <!-- isSkip -->
</testsuite> <!-- Test -->
