<?xml version="1.0" encoding="UTF-8"?>
<testng-results ignored="0" total="3" passed="3" failed="0" skipped="0">
  <reporter-output>
  </reporter-output>
  <suite started-at="2020-07-14T01:48:32Z" name="Default suite" finished-at="2020-07-14T01:48:34Z" duration-ms="1316">
    <groups>
    </groups>
    <test started-at="2020-07-14T01:48:32Z" name="Default test" finished-at="2020-07-14T01:48:34Z" duration-ms="1316">
      <class name="testcases.TestCase1">
        <test-method is-config="true" signature="setReport()[pri:0, instance:testcases.TestCase1@74d1dc36]" started-at="2020-07-14T01:48:32Z" name="setReport" finished-at="2020-07-14T01:48:33Z" duration-ms="389" status="PASS">
          <reporter-output>
          </reporter-output>
        </test-method> <!-- setReport -->
        <test-method signature="doLogin()[pri:0, instance:testcases.TestCase1@74d1dc36]" started-at="2020-07-14T01:48:33Z" name="doLogin" finished-at="2020-07-14T01:48:33Z" duration-ms="9" status="PASS">
          <reporter-output>
          </reporter-output>
        </test-method> <!-- doLogin -->
        <test-method is-config="true" signature="tearDown(org.testng.ITestResult)[pri:0, instance:testcases.TestCase1@74d1dc36]" started-at="2020-07-14T01:48:33Z" name="tearDown" finished-at="2020-07-14T01:48:33Z" duration-ms="12" status="PASS">
          <params>
            <param index="0">
              <value>
                <![CDATA[[TestResult name=doLogin status=SUCCESS method=TestCase1.doLogin()[pri:0, instance:testcases.TestCase1@74d1dc36] output={null}]]]>
              </value>
            </param>
          </params>
          <reporter-output>
          </reporter-output>
        </test-method> <!-- tearDown -->
        <test-method signature="doUserReg()[pri:0, instance:testcases.TestCase1@74d1dc36]" started-at="2020-07-14T01:48:33Z" name="doUserReg" finished-at="2020-07-14T01:48:33Z" duration-ms="2" status="PASS">
          <reporter-output>
          </reporter-output>
        </test-method> <!-- doUserReg -->
        <test-method is-config="true" signature="tearDown(org.testng.ITestResult)[pri:0, instance:testcases.TestCase1@74d1dc36]" started-at="2020-07-14T01:48:33Z" name="tearDown" finished-at="2020-07-14T01:48:33Z" duration-ms="1" status="PASS">
          <params>
            <param index="0">
              <value>
                <![CDATA[[TestResult name=doUserReg status=SUCCESS method=TestCase1.doUserReg()[pri:0, instance:testcases.TestCase1@74d1dc36] output={null}]]]>
              </value>
            </param>
          </params>
          <reporter-output>
          </reporter-output>
        </test-method> <!-- tearDown -->
        <test-method signature="isSkip()[pri:0, instance:testcases.TestCase1@74d1dc36]" started-at="2020-07-14T01:48:33Z" name="isSkip" finished-at="2020-07-14T01:48:33Z" duration-ms="2" status="PASS">
          <reporter-output>
          </reporter-output>
        </test-method> <!-- isSkip -->
        <test-method is-config="true" signature="tearDown(org.testng.ITestResult)[pri:0, instance:testcases.TestCase1@74d1dc36]" started-at="2020-07-14T01:48:33Z" name="tearDown" finished-at="2020-07-14T01:48:33Z" duration-ms="1" status="PASS">
          <params>
            <param index="0">
              <value>
                <![CDATA[[TestResult name=isSkip status=SUCCESS method=TestCase1.isSkip()[pri:0, instance:testcases.TestCase1@74d1dc36] output={null}]]]>
              </value>
            </param>
          </params>
          <reporter-output>
          </reporter-output>
        </test-method> <!-- tearDown -->
        <test-method is-config="true" signature="endReport()[pri:0, instance:testcases.TestCase1@74d1dc36]" started-at="2020-07-14T01:48:33Z" name="endReport" finished-at="2020-07-14T01:48:34Z" duration-ms="852" status="PASS">
          <reporter-output>
          </reporter-output>
        </test-method> <!-- endReport -->
      </class> <!-- testcases.TestCase1 -->
    </test> <!-- Default test -->
  </suite> <!-- Default suite -->
</testng-results>
